<?xml version="1.0" encoding="UTF-8"?>
<!-- Generated by org.testng.reporters.JUnitReportReporter -->
<testsuite hostname="Abdul-Mazhar.local" failures="0" tests="3" name="App_login_test.login_test" time="0.033" errors="0" timestamp="2024-01-27T14:07:44 IST" skipped="0">
  <testcase classname="App_login_test.login_test" name="login_test3" time="0.001"/>
  <system-out/>
  <testcase classname="App_login_test.login_test" name="login_test1" time="0.027"/>
  <system-out/>
  <testcase classname="App_login_test.login_test" name="login_test2" time="0.005"/>
  <system-out/>
</testsuite> <!-- App_login_test.login_test -->
